<?xml version="1.0" encoding="UTF-8"?>
<!-- Generated by org.testng.reporters.JUnitReportReporter -->
<testsuite hostname="Rahuls-MacBook-Air.local" failures="0" tests="4" name="testngpkg.TestngDemo" time="0.028" errors="0" timestamp="2023-10-18T22:16:46 EEST" skipped="0">
  <testcase classname="testngpkg.TestngDemo" name="test2" time="0.007"/>
  <system-out/>
  <testcase classname="testngpkg.TestngDemo" name="test1" time="0.016"/>
  <system-out/>
  <testcase classname="testngpkg.TestngDemo" name="test4" time="0.003"/>
  <system-out/>
  <testcase classname="testngpkg.TestngDemo" name="test3" time="0.002"/>
  <system-out/>
</testsuite> <!-- testngpkg.TestngDemo -->
