<?xml version="1.0" encoding="UTF-8"?>
<!-- Generated by org.testng.reporters.JUnitReportReporter -->
<testsuite hostname="Rahuls-MacBook-Air.local" failures="0" tests="1" name="testngpkg.Windowhandler" time="8.633" errors="0" timestamp="2023-10-28T08:12:53 EEST" skipped="0">
  <testcase classname="testngpkg.Windowhandler" name="test" time="8.633"/>
  <system-out/>
</testsuite> <!-- testngpkg.Windowhandler -->
