<?xml version="1.0" encoding="UTF-8"?>
<!-- Generated by org.testng.reporters.JUnitReportReporter -->
<testsuite hostname="Rahuls-MacBook-Air.local" failures="0" tests="1" name="testngpkg.Fileupload" time="1.951" errors="0" timestamp="2023-10-27T19:35:16 EEST" skipped="0">
  <testcase classname="testngpkg.Fileupload" name="test" time="1.951"/>
  <system-out/>
</testsuite> <!-- testngpkg.Fileupload -->
