<?xml version="1.0" encoding="UTF-8"?>
<!-- Generated by org.testng.reporters.JUnitReportReporter -->
<testsuite hostname="Rahuls-MacBook-Air.local" failures="0" tests="1" name="testngpkg.Datadriven" time="27.981" errors="0" timestamp="2023-10-27T13:04:02 EEST" skipped="0">
  <testcase classname="testngpkg.Datadriven" name="test" time="27.981"/>
  <system-out/>
</testsuite> <!-- testngpkg.Datadriven -->
