<?xml version="1.0" encoding="UTF-8"?>
<!-- Generated by org.testng.reporters.JUnitReportReporter -->
<testsuite hostname="Rahuls-MacBook-Air.local" failures="0" tests="1" name="testngpkg.Copypaste" time="1.015" errors="0" timestamp="2023-10-19T13:46:48 EEST" skipped="0">
  <testcase classname="testngpkg.Copypaste" name="test" time="1.015"/>
  <system-out/>
</testsuite> <!-- testngpkg.Copypaste -->
