<?xml version="1.0" encoding="UTF-8"?>
<!-- Generated by org.testng.reporters.JUnitReportReporter -->
<testsuite hostname="Rahuls-MacBook-Air.local" failures="0" tests="1" name="testngpkg.Datepicker" time="50.557" errors="0" timestamp="2023-10-30T12:32:35 EET" skipped="0">
  <testcase classname="testngpkg.Datepicker" name="test" time="50.557"/>
  <system-out/>
</testsuite> <!-- testngpkg.Datepicker -->
