<?xml version="1.0" encoding="UTF-8"?>
<!-- Generated by org.testng.reporters.JUnitReportReporter -->
<testsuite hostname="Rahuls-MacBook-Air.local" failures="0" tests="1" name="testpkg.Gmailtest" time="9.178" errors="0" timestamp="2023-11-01T21:18:05 EET" skipped="0">
  <testcase classname="testpkg.Gmailtest" name="test" time="9.178"/>
  <system-out/>
</testsuite> <!-- testpkg.Gmailtest -->
