<?xml version="1.0" encoding="UTF-8"?>
<!-- Generated by org.testng.reporters.JUnitReportReporter -->
<testsuite hostname="Rahuls-MacBook-Air.local" failures="0" tests="1" name="testngpkg.Draganddrop" time="11.275" errors="0" timestamp="2023-10-19T13:43:48 EEST" skipped="0">
  <testcase classname="testngpkg.Draganddrop" name="test" time="11.275"/>
  <system-out/>
</testsuite> <!-- testngpkg.Draganddrop -->
