<?xml version="1.0" encoding="UTF-8"?>
<!-- Generated by org.testng.reporters.JUnitReportReporter -->
<testsuite hostname="Rahuls-MacBook-Air.local" failures="0" tests="1" name="testngpkg.Disablepopupmessageinsite" time="53.871" errors="0" timestamp="2023-10-28T07:22:05 EEST" skipped="0">
  <testcase classname="testngpkg.Disablepopupmessageinsite" name="test" time="53.871"/>
  <system-out/>
</testsuite> <!-- testngpkg.Disablepopupmessageinsite -->
