<?xml version="1.0" encoding="UTF-8"?>
<!-- Generated by org.testng.reporters.JUnitReportReporter -->
<testsuite hostname="Rahuls-MacBook-Air.local" failures="0" tests="1" name="testngpkg.Facebooklogin" time="3.549" errors="0" timestamp="2023-10-19T12:01:06 EEST" skipped="0">
  <testcase classname="testngpkg.Facebooklogin" name="test" time="3.549"/>
  <system-out/>
</testsuite> <!-- testngpkg.Facebooklogin -->
