<?xml version="1.0" encoding="UTF-8"?>
<!-- Generated by org.testng.reporters.JUnitReportReporter -->
<testsuite hostname="Rahuls-MacBook-Air.local" failures="0" tests="1" name="testngpkg.Parametertest" time="0.020" errors="0" timestamp="2023-10-18T12:57:39 EEST" skipped="0">
  <testcase classname="testngpkg.Parametertest" name="test" time="0.020"/>
  <system-out/>
</testsuite> <!-- testngpkg.Parametertest -->
