<?xml version="1.0" encoding="UTF-8"?>
<!-- Generated by org.testng.reporters.JUnitReportReporter -->
<testsuite hostname="Rahuls-MacBook-Air.local" failures="0" tests="1" name="testngpkg.Gurualertpgm" time="5.635" errors="0" timestamp="2023-10-25T11:21:21 EEST" skipped="0">
  <testcase classname="testngpkg.Gurualertpgm" name="test" time="5.635"/>
  <system-out/>
</testsuite> <!-- testngpkg.Gurualertpgm -->
