<?xml version="1.0" encoding="UTF-8"?>
<!-- Generated by org.testng.reporters.JUnitReportReporter -->
<testsuite hostname="Rahuls-MacBook-Air.local" failures="0" tests="1" name="testngpkg.Fileuploadwithouttextfield" time="15.218" errors="0" timestamp="2023-10-27T19:28:17 EEST" skipped="0">
  <testcase classname="testngpkg.Fileuploadwithouttextfield" name="test" time="15.218"/>
  <system-out/>
</testsuite> <!-- testngpkg.Fileuploadwithouttextfield -->
