<?xml version="1.0" encoding="UTF-8"?>
<!-- Generated by org.testng.reporters.JUnitReportReporter -->
<testsuite hostname="Rahuls-MacBook-Air.local" failures="0" tests="1" name="testngpkg.Amazonbottompage" time="24.044" errors="0" timestamp="2023-11-07T11:18:15 EET" skipped="0">
  <testcase classname="testngpkg.Amazonbottompage" name="test" time="24.044"/>
  <system-out/>
</testsuite> <!-- testngpkg.Amazonbottompage -->
